<?xml version="1.0" encoding="UTF-8"?>
<!-- Generated by org.testng.reporters.JUnitXMLReporter -->
<testsuite ignored="0" hostname="CHFNT0008" failures="0" tests="3" name="Default test" time="33.014" errors="0" timestamp="24 ene. 2023 17:01:48 GMT">
  <testcase classname="Pruebas.AppTest" name="clickCuba" time="0.029"/>
  <testcase classname="Pruebas.AppTest" name="selectHaiti" time="0.602"/>
  <testcase classname="Pruebas.AppTest" name="verifRadioButton" time="0.199"/>
</testsuite> <!-- Default test -->
