<?xml version="1.0" encoding="UTF-8"?>
<testng-results skipped="0" failed="1" ignored="0" total="3" passed="2">
  <reporter-output>
  </reporter-output>
  <suite name="Surefire suite" duration-ms="46356" started-at="2023-01-24T13:06:57Z" finished-at="2023-01-24T13:07:43Z">
    <groups>
    </groups>
    <test name="Surefire test" duration-ms="46356" started-at="2023-01-24T13:06:57Z" finished-at="2023-01-24T13:07:43Z">
      <class name="Pruebas.AppTest">
        <test-method status="PASS" signature="startReport()[pri:0, instance:Pruebas.AppTest@e2cbe0]" name="startReport" is-config="true" duration-ms="303" started-at="2023-01-24T13:06:57Z" finished-at="2023-01-24T13:06:57Z">
          <reporter-output>
          </reporter-output>
        </test-method> <!-- startReport -->
        <test-method status="PASS" signature="setup(java.lang.reflect.Method)[pri:0, instance:Pruebas.AppTest@e2cbe0]" name="setup" is-config="true" duration-ms="18944" started-at="2023-01-24T13:06:57Z" finished-at="2023-01-24T13:07:16Z">
          <params>
            <param index="0">
              <value>
                <![CDATA[public void Pruebas.AppTest.clickCuba()]]>
              </value>
            </param>
          </params>
          <reporter-output>
          </reporter-output>
        </test-method> <!-- setup -->
        <test-method status="FAIL" signature="clickCuba()[pri:0, instance:Pruebas.AppTest@e2cbe0]" name="clickCuba" duration-ms="3066" started-at="2023-01-24T13:07:16Z" finished-at="2023-01-24T13:07:19Z">
          <exception class="org.openqa.selenium.NoSuchElementException">
            <message>
              <![CDATA[no such element: Unable to locate element: {"method":"css selector","selector":"*[name='Cosa']"}
  (Session info: headless chrome=109.0.5414.75)
For documentation on this error, please visit: https://selenium.dev/exceptions/#no_such_element
Build info: version: '4.7.2', revision: '4d4020c3b7'
System info: os.name: 'Windows 10', os.arch: 'x86', os.version: '10.0', java.version: '1.8.0_351'
Driver info: org.openqa.selenium.chrome.ChromeDriver
Command: [99825d4d4d89e52da629c0fd956643ee, findElement {using=name, value=Cosa}]
Capabilities {acceptInsecureCerts: false, browserName: chrome, browserVersion: 109.0.5414.75, chrome: {chromedriverVersion: 109.0.5414.74 (e7c5703604da..., userDataDir: C:\Users\adelpino.CHF\AppDa...}, goog:chromeOptions: {debuggerAddress: localhost:49989}, networkConnectionEnabled: false, pageLoadStrategy: normal, platformName: WINDOWS, proxy: Proxy(), se:cdp: ws://localhost:49989/devtoo..., se:cdpVersion: 109.0.5414.75, setWindowRect: true, strictFileInteractability: false, timeouts: {implicit: 0, pageLoad: 300000, script: 30000}, unhandledPromptBehavior: dismiss and notify, webauthn:extension:credBlob: true, webauthn:extension:largeBlob: true, webauthn:virtualAuthenticators: true}
Session ID: 99825d4d4d89e52da629c0fd956643ee]]>
            </message>
            <full-stacktrace>
              <![CDATA[org.openqa.selenium.NoSuchElementException: no such element: Unable to locate element: {"method":"css selector","selector":"*[name='Cosa']"}
  (Session info: headless chrome=109.0.5414.75)
For documentation on this error, please visit: https://selenium.dev/exceptions/#no_such_element
Build info: version: '4.7.2', revision: '4d4020c3b7'
System info: os.name: 'Windows 10', os.arch: 'x86', os.version: '10.0', java.version: '1.8.0_351'
Driver info: org.openqa.selenium.chrome.ChromeDriver
Command: [99825d4d4d89e52da629c0fd956643ee, findElement {using=name, value=Cosa}]
Capabilities {acceptInsecureCerts: false, browserName: chrome, browserVersion: 109.0.5414.75, chrome: {chromedriverVersion: 109.0.5414.74 (e7c5703604da..., userDataDir: C:\Users\adelpino.CHF\AppDa...}, goog:chromeOptions: {debuggerAddress: localhost:49989}, networkConnectionEnabled: false, pageLoadStrategy: normal, platformName: WINDOWS, proxy: Proxy(), se:cdp: ws://localhost:49989/devtoo..., se:cdpVersion: 109.0.5414.75, setWindowRect: true, strictFileInteractability: false, timeouts: {implicit: 0, pageLoad: 300000, script: 30000}, unhandledPromptBehavior: dismiss and notify, webauthn:extension:credBlob: true, webauthn:extension:largeBlob: true, webauthn:virtualAuthenticators: true}
Session ID: 99825d4d4d89e52da629c0fd956643ee
at sun.reflect.NativeConstructorAccessorImpl.newInstance0(Native Method)
at sun.reflect.NativeConstructorAccessorImpl.newInstance(Unknown Source)
at sun.reflect.DelegatingConstructorAccessorImpl.newInstance(Unknown Source)
at java.lang.reflect.Constructor.newInstance(Unknown Source)
at org.openqa.selenium.remote.codec.w3c.W3CHttpResponseCodec.createException(W3CHttpResponseCodec.java:200)
at org.openqa.selenium.remote.codec.w3c.W3CHttpResponseCodec.decode(W3CHttpResponseCodec.java:133)
at org.openqa.selenium.remote.codec.w3c.W3CHttpResponseCodec.decode(W3CHttpResponseCodec.java:53)
at org.openqa.selenium.remote.HttpCommandExecutor.execute(HttpCommandExecutor.java:184)
at org.openqa.selenium.remote.service.DriverCommandExecutor.invokeExecute(DriverCommandExecutor.java:167)
at org.openqa.selenium.remote.service.DriverCommandExecutor.execute(DriverCommandExecutor.java:142)
at org.openqa.selenium.remote.RemoteWebDriver.execute(RemoteWebDriver.java:535)
at org.openqa.selenium.remote.ElementLocation$ElementFinder$2.findElement(ElementLocation.java:162)
at org.openqa.selenium.remote.ElementLocation.findElement(ElementLocation.java:66)
at org.openqa.selenium.remote.RemoteWebDriver.findElement(RemoteWebDriver.java:351)
at org.openqa.selenium.remote.RemoteWebDriver.findElement(RemoteWebDriver.java:343)
at Pruebas.AppTest.clickCuba(AppTest.java:78)
at sun.reflect.NativeMethodAccessorImpl.invoke0(Native Method)
at sun.reflect.NativeMethodAccessorImpl.invoke(Unknown Source)
at sun.reflect.DelegatingMethodAccessorImpl.invoke(Unknown Source)
at java.lang.reflect.Method.invoke(Unknown Source)
at org.testng.internal.MethodInvocationHelper.invokeMethod(MethodInvocationHelper.java:124)
at org.testng.internal.Invoker.invokeMethod(Invoker.java:583)
at org.testng.internal.Invoker.invokeTestMethod(Invoker.java:719)
at org.testng.internal.Invoker.invokeTestMethods(Invoker.java:989)
at org.testng.internal.TestMethodWorker.invokeTestMethods(TestMethodWorker.java:125)
at org.testng.internal.TestMethodWorker.run(TestMethodWorker.java:109)
at org.testng.TestRunner.privateRun(TestRunner.java:648)
at org.testng.TestRunner.run(TestRunner.java:505)
at org.testng.SuiteRunner.runTest(SuiteRunner.java:455)
at org.testng.SuiteRunner.runSequentially(SuiteRunner.java:450)
at org.testng.SuiteRunner.privateRun(SuiteRunner.java:415)
at org.testng.SuiteRunner.run(SuiteRunner.java:364)
at org.testng.SuiteRunnerWorker.runSuite(SuiteRunnerWorker.java:52)
at org.testng.SuiteRunnerWorker.run(SuiteRunnerWorker.java:84)
at org.testng.TestNG.runSuitesSequentially(TestNG.java:1208)
at org.testng.TestNG.runSuitesLocally(TestNG.java:1137)
at org.testng.TestNG.runSuites(TestNG.java:1049)
at org.testng.TestNG.run(TestNG.java:1017)
at org.apache.maven.surefire.testng.TestNGExecutor.run(TestNGExecutor.java:135)
at org.apache.maven.surefire.testng.TestNGDirectoryTestSuite.executeSingleClass(TestNGDirectoryTestSuite.java:112)
at org.apache.maven.surefire.testng.TestNGDirectoryTestSuite.execute(TestNGDirectoryTestSuite.java:99)
at org.apache.maven.surefire.testng.TestNGProvider.invoke(TestNGProvider.java:146)
at org.apache.maven.surefire.booter.ForkedBooter.invokeProviderInSameClassLoader(ForkedBooter.java:384)
at org.apache.maven.surefire.booter.ForkedBooter.runSuitesInProcess(ForkedBooter.java:345)
at org.apache.maven.surefire.booter.ForkedBooter.execute(ForkedBooter.java:126)
at org.apache.maven.surefire.booter.ForkedBooter.main(ForkedBooter.java:418)
]]>
            </full-stacktrace>
          </exception> <!-- org.openqa.selenium.NoSuchElementException -->
          <reporter-output>
          </reporter-output>
        </test-method> <!-- clickCuba -->
        <test-method status="PASS" signature="After(org.testng.ITestResult)[pri:0, instance:Pruebas.AppTest@e2cbe0]" name="After" is-config="true" duration-ms="127" started-at="2023-01-24T13:07:19Z" finished-at="2023-01-24T13:07:19Z">
          <params>
            <param index="0">
              <value>
                <![CDATA[[TestResult name=clickCuba status=FAILURE method=AppTest.clickCuba()[pri:0, instance:Pruebas.AppTest@e2cbe0] output={null}]]]>
              </value>
            </param>
          </params>
          <reporter-output>
          </reporter-output>
        </test-method> <!-- After -->
        <test-method status="PASS" signature="setup(java.lang.reflect.Method)[pri:0, instance:Pruebas.AppTest@e2cbe0]" name="setup" is-config="true" duration-ms="13796" started-at="2023-01-24T13:07:19Z" finished-at="2023-01-24T13:07:33Z">
          <params>
            <param index="0">
              <value>
                <![CDATA[public void Pruebas.AppTest.selectHaiti()]]>
              </value>
            </param>
          </params>
          <reporter-output>
          </reporter-output>
        </test-method> <!-- setup -->
        <test-method status="PASS" signature="selectHaiti()[pri:0, instance:Pruebas.AppTest@e2cbe0]" name="selectHaiti" duration-ms="539" started-at="2023-01-24T13:07:33Z" finished-at="2023-01-24T13:07:34Z">
          <reporter-output>
          </reporter-output>
        </test-method> <!-- selectHaiti -->
        <test-method status="PASS" signature="After(org.testng.ITestResult)[pri:0, instance:Pruebas.AppTest@e2cbe0]" name="After" is-config="true" duration-ms="0" started-at="2023-01-24T13:07:34Z" finished-at="2023-01-24T13:07:34Z">
          <params>
            <param index="0">
              <value>
                <![CDATA[[TestResult name=selectHaiti status=SUCCESS method=AppTest.selectHaiti()[pri:0, instance:Pruebas.AppTest@e2cbe0] output={null}]]]>
              </value>
            </param>
          </params>
          <reporter-output>
          </reporter-output>
        </test-method> <!-- After -->
        <test-method status="PASS" signature="setup(java.lang.reflect.Method)[pri:0, instance:Pruebas.AppTest@e2cbe0]" name="setup" is-config="true" duration-ms="8833" started-at="2023-01-24T13:07:34Z" finished-at="2023-01-24T13:07:43Z">
          <params>
            <param index="0">
              <value>
                <![CDATA[public void Pruebas.AppTest.verifRadioButton()]]>
              </value>
            </param>
          </params>
          <reporter-output>
          </reporter-output>
        </test-method> <!-- setup -->
        <test-method status="PASS" signature="verifRadioButton()[pri:0, instance:Pruebas.AppTest@e2cbe0]" name="verifRadioButton" duration-ms="150" started-at="2023-01-24T13:07:43Z" finished-at="2023-01-24T13:07:43Z">
          <reporter-output>
          </reporter-output>
        </test-method> <!-- verifRadioButton -->
        <test-method status="PASS" signature="After(org.testng.ITestResult)[pri:0, instance:Pruebas.AppTest@e2cbe0]" name="After" is-config="true" duration-ms="1" started-at="2023-01-24T13:07:43Z" finished-at="2023-01-24T13:07:43Z">
          <params>
            <param index="0">
              <value>
                <![CDATA[[TestResult name=verifRadioButton status=SUCCESS method=AppTest.verifRadioButton()[pri:0, instance:Pruebas.AppTest@e2cbe0] output={null}]]]>
              </value>
            </param>
          </params>
          <reporter-output>
          </reporter-output>
        </test-method> <!-- After -->
        <test-method status="PASS" signature="tearDrown()[pri:0, instance:Pruebas.AppTest@e2cbe0]" name="tearDrown" is-config="true" duration-ms="574" started-at="2023-01-24T13:07:43Z" finished-at="2023-01-24T13:07:43Z">
          <reporter-output>
          </reporter-output>
        </test-method> <!-- tearDrown -->
      </class> <!-- Pruebas.AppTest -->
    </test> <!-- Surefire test -->
  </suite> <!-- Surefire suite -->
</testng-results>
